<?xml version="1.0" encoding="UTF-8"?>
<!-- Generated by org.testng.reporters.JUnitReportReporter -->
<testsuite hostname="LAPTOP-7TK2NK2E" failures="0" tests="2" name="Demo.AuthenticationTest" time="29.575" errors="0" timestamp="2022-04-05T11:01:02 IST" skipped="0">
  <testcase classname="Demo.AuthenticationTest" name="validateLogin" time="9.944"/>
  <system-out/>
  <testcase classname="Demo.AuthenticationTest" name="validateLogin" time="19.631"/>
  <system-out/>
</testsuite> <!-- Demo.AuthenticationTest -->
