<?xml version="1.0" encoding="UTF-8"?>
<!-- Generated by org.testng.reporters.JUnitReportReporter -->
<testsuite hostname="LAPTOP-7TK2NK2E" failures="0" tests="1" name="Demo.ForgetPassTest" time="7.379" errors="0" timestamp="2022-04-05T11:01:02 IST" skipped="0">
  <testcase classname="Demo.ForgetPassTest" name="validateForgotPassword" time="7.379"/>
  <system-out/>
</testsuite> <!-- Demo.ForgetPassTest -->
