<?xml version="1.0" encoding="UTF-8"?>
<!-- Generated by org.testng.reporters.JUnitReportReporter -->
<testsuite hostname="LAPTOP-7TK2NK2E" failures="0" tests="1" name="Demo.ForgetPass" time="3.789" errors="0" timestamp="2022-04-04T12:28:43 IST" skipped="0">
  <testcase classname="Demo.ForgetPass" name="validateForgotPassword" time="3.789"/>
  <system-out/>
</testsuite> <!-- Demo.ForgetPass -->
