<?xml version="1.0" encoding="UTF-8"?>
<!-- Generated by org.testng.reporters.JUnitReportReporter -->
<testsuite hostname="LAPTOP-7TK2NK2E" failures="0" tests="2" name="Demo.Authentication" time="28.008" errors="0" timestamp="2022-04-04T12:28:43 IST" skipped="0">
  <testcase classname="Demo.Authentication" name="validateLogin" time="14.080"/>
  <system-out/>
  <testcase classname="Demo.Authentication" name="validateLogin" time="13.928"/>
  <system-out/>
</testsuite> <!-- Demo.Authentication -->
